#
# There is insufficient memory for the Java Runtime Environment to continue.
# Native memory allocation (malloc) failed to allocate 1831376 bytes for Chunk::new
# Possible reasons:
#   The system is out of physical RAM or swap space
#   The process is running with CompressedOops enabled, and the Java Heap may be blocking the growth of the native heap
# Possible solutions:
#   Reduce memory load on the system
#   Increase physical memory or swap space
#   Check if swap backing store is full
#   Decrease Java heap size (-Xmx/-Xms)
#   Decrease number of Java threads
#   Decrease Java thread stack sizes (-Xss)
#   Set larger code cache with -XX:ReservedCodeCacheSize=
#   JVM is running with Unscaled Compressed Oops mode in which the Java heap is
#     placed in the first 4GB address space. The Java Heap base address is the
#     maximum limit for the native heap growth. Please use -XX:HeapBaseMinAddress
#     to set the Java Heap base and to place the Java Heap above 4GB virtual address.
# This output file may be truncated or incomplete.
#
#  Out of Memory Error (./src/hotspot/share/memory/arena.cpp:197), pid=14944, tid=11632
#
# JRE version: OpenJDK Runtime Environment (11.0.12+7) (build 11.0.12+7-b1504.28-7817840)
# Java VM: OpenJDK 64-Bit Server VM (11.0.12+7-b1504.28-7817840, mixed mode, tiered, compressed oops, g1 gc, windows-amd64)
# No core dump will be written. Minidumps are not enabled by default on client versions of Windows
#

---------------  S U M M A R Y ------------

Command Line: --add-opens=java.base/java.util=ALL-UNNAMED --add-opens=java.base/java.lang=ALL-UNNAMED --add-opens=java.base/java.lang.invoke=ALL-UNNAMED --add-opens=java.base/java.util=ALL-UNNAMED --add-opens=java.prefs/java.util.prefs=ALL-UNNAMED --add-opens=java.prefs/java.util.prefs=ALL-UNNAMED --add-opens=java.base/java.nio.charset=ALL-UNNAMED --add-opens=java.base/java.net=ALL-UNNAMED --add-opens=java.base/java.util.concurrent.atomic=ALL-UNNAMED -Xmx2048m -Dfile.encoding=UTF-8 -Duser.country=US -Duser.language=en -Duser.variant org.gradle.launcher.daemon.bootstrap.GradleDaemon 7.3.3

Host: Intel(R) Core(TM) i3-7130U CPU @ 2.70GHz, 4 cores, 15G,  Windows 10 , 64 bit Build 19041 (10.0.19041.292)
Time: Fri Nov  4 09:54:13 2022 SE Asia Standard Time elapsed time: 4.853311 seconds (0d 0h 0m 4s)

---------------  T H R E A D  ---------------

Current thread (0x000001c6b4beb000):  JavaThread "C2 CompilerThread0" daemon [_thread_in_native, id=11632, stack(0x000000bda4700000,0x000000bda4800000)]


Current CompileTask:
C2:   4853 2120       4       java.net.URLClassLoader$1::run (5 bytes)

Stack: [0x000000bda4700000,0x000000bda4800000]
Native frames: (J=compiled Java code, j=interpreted, Vv=VM code, C=native code)
V  [jvm.dll+0x5fbcea]
V  [jvm.dll+0x731905]
V  [jvm.dll+0x732f1d]
V  [jvm.dll+0x7335d3]
V  [jvm.dll+0x247bf8]
V  [jvm.dll+0xc018c]
V  [jvm.dll+0xc06cc]
V  [jvm.dll+0x35b2db]
V  [jvm.dll+0x328803]
V  [jvm.dll+0x327cfa]
V  [jvm.dll+0x200602]
V  [jvm.dll+0x1ff794]
V  [jvm.dll+0x18868c]
V  [jvm.dll+0x20e0d7]
V  [jvm.dll+0x20c901]
V  [jvm.dll+0x6f9b7f]
V  [jvm.dll+0x6f26a5]
V  [jvm.dll+0x5fabf6]
C  [ucrtbase.dll+0x214c2]
C  [KERNEL32.DLL+0x16fd4]
C  [ntdll.dll+0x4cec1]


---------------  P R O C E S S  ---------------

Threads class SMR info:
_java_thread_list=0x000001c6b77f03e0, length=27, elements={
0x000001c6987a5800, 0x000001c6b435d000, 0x000001c6b435e000, 0x000001c6b4bdb000,
0x000001c6b4bde000, 0x000001c6b4be1000, 0x000001c6b4beb000, 0x000001c6b4bec000,
0x000001c6b4bf0000, 0x000001c6b4d4f800, 0x000001c6b7e79800, 0x000001c6b76fa800,
0x000001c6b769f800, 0x000001c6b6ac1000, 0x000001c6b5d39800, 0x000001c6b7465800,
0x000001c6b6825800, 0x000001c6b70bf800, 0x000001c6b644e000, 0x000001c6b6fb0800,
0x000001c6b6fae000, 0x000001c6b6faf800, 0x000001c6b6fb1800, 0x000001c6b7909000,
0x000001c6b6faf000, 0x000001c6b6fb3000, 0x000001c6b6fb2000
}

Java Threads: ( => current thread )
  0x000001c6987a5800 JavaThread "main" [_thread_blocked, id=9304, stack(0x000000bda3b00000,0x000000bda3c00000)]
  0x000001c6b435d000 JavaThread "Reference Handler" daemon [_thread_blocked, id=6368, stack(0x000000bda4200000,0x000000bda4300000)]
  0x000001c6b435e000 JavaThread "Finalizer" daemon [_thread_blocked, id=11736, stack(0x000000bda4300000,0x000000bda4400000)]
  0x000001c6b4bdb000 JavaThread "Signal Dispatcher" daemon [_thread_blocked, id=14420, stack(0x000000bda4400000,0x000000bda4500000)]
  0x000001c6b4bde000 JavaThread "Attach Listener" daemon [_thread_blocked, id=4256, stack(0x000000bda4500000,0x000000bda4600000)]
  0x000001c6b4be1000 JavaThread "Service Thread" daemon [_thread_blocked, id=14964, stack(0x000000bda4600000,0x000000bda4700000)]
=>0x000001c6b4beb000 JavaThread "C2 CompilerThread0" daemon [_thread_in_native, id=11632, stack(0x000000bda4700000,0x000000bda4800000)]
  0x000001c6b4bec000 JavaThread "C1 CompilerThread0" daemon [_thread_in_native, id=8044, stack(0x000000bda4800000,0x000000bda4900000)]
  0x000001c6b4bf0000 JavaThread "Sweeper thread" daemon [_thread_blocked, id=7760, stack(0x000000bda4900000,0x000000bda4a00000)]
  0x000001c6b4d4f800 JavaThread "Common-Cleaner" daemon [_thread_blocked, id=3276, stack(0x000000bda4a00000,0x000000bda4b00000)]
  0x000001c6b7e79800 JavaThread "Daemon health stats" [_thread_blocked, id=12584, stack(0x000000bda5000000,0x000000bda5100000)]
  0x000001c6b76fa800 JavaThread "Incoming local TCP Connector on port 51613" [_thread_in_native, id=7372, stack(0x000000bda4c00000,0x000000bda4d00000)]
  0x000001c6b769f800 JavaThread "Daemon periodic checks" [_thread_blocked, id=1120, stack(0x000000bda5100000,0x000000bda5200000)]
  0x000001c6b6ac1000 JavaThread "Daemon" [_thread_blocked, id=14032, stack(0x000000bda5200000,0x000000bda5300000)]
  0x000001c6b5d39800 JavaThread "Handler for socket connection from /127.0.0.1:51613 to /127.0.0.1:51614" [_thread_in_native, id=10000, stack(0x000000bda5300000,0x000000bda5400000)]
  0x000001c6b7465800 JavaThread "Cancel handler" [_thread_blocked, id=11992, stack(0x000000bda5400000,0x000000bda5500000)]
  0x000001c6b6825800 JavaThread "Daemon worker" [_thread_in_Java, id=4052, stack(0x000000bda5500000,0x000000bda5600000)]
  0x000001c6b70bf800 JavaThread "Asynchronous log dispatcher for DefaultDaemonConnection: socket connection from /127.0.0.1:51613 to /127.0.0.1:51614" [_thread_blocked, id=7788, stack(0x000000bda5600000,0x000000bda5700000)]
  0x000001c6b644e000 JavaThread "Stdin handler" [_thread_blocked, id=6232, stack(0x000000bda5700000,0x000000bda5800000)]
  0x000001c6b6fb0800 JavaThread "Daemon client event forwarder" [_thread_blocked, id=13732, stack(0x000000bda5800000,0x000000bda5900000)]
  0x000001c6b6fae000 JavaThread "Cache worker for journal cache (C:\Users\Admin\.gradle\caches\journal-1)" [_thread_blocked, id=820, stack(0x000000bda5900000,0x000000bda5a00000)]
  0x000001c6b6faf800 JavaThread "File lock request listener" [_thread_in_native, id=9328, stack(0x000000bda5a00000,0x000000bda5b00000)]
  0x000001c6b6fb1800 JavaThread "Cache worker for file hash cache (C:\Users\Admin\.gradle\caches\7.3.3\fileHashes)" [_thread_blocked, id=12860, stack(0x000000bda5b00000,0x000000bda5c00000)]
  0x000001c6b7909000 JavaThread "C2 CompilerThread1" daemon [_thread_in_native, id=16844, stack(0x000000bda5c00000,0x000000bda5d00000)]
  0x000001c6b6faf000 JavaThread "Cache worker for file hash cache (D:\Mobile_app\.gradle\7.3.3\fileHashes)" [_thread_blocked, id=2704, stack(0x000000bda5d00000,0x000000bda5e00000)]
  0x000001c6b6fb3000 JavaThread "File watcher server" daemon [_thread_in_native, id=16524, stack(0x000000bda5e00000,0x000000bda5f00000)]
  0x000001c6b6fb2000 JavaThread "File watcher consumer" daemon [_thread_blocked, id=19184, stack(0x000000bda5f00000,0x000000bda6000000)]

Other Threads:
  0x000001c6b435a800 VMThread "VM Thread" [stack: 0x000000bda4100000,0x000000bda4200000] [id=15756]
  0x000001c6b4d59000 WatcherThread [stack: 0x000000bda4b00000,0x000000bda4c00000] [id=17420]
  0x000001c6987c1000 GCTaskThread "GC Thread#0" [stack: 0x000000bda3c00000,0x000000bda3d00000] [id=13248]
  0x000001c6b52f1000 GCTaskThread "GC Thread#1" [stack: 0x000000bda4d00000,0x000000bda4e00000] [id=9644]
  0x000001c6b5277000 GCTaskThread "GC Thread#2" [stack: 0x000000bda4e00000,0x000000bda4f00000] [id=8472]
  0x000001c6b4e78000 GCTaskThread "GC Thread#3" [stack: 0x000000bda4f00000,0x000000bda5000000] [id=9024]
  0x000001c6987f3000 ConcurrentGCThread "G1 Main Marker" [stack: 0x000000bda3d00000,0x000000bda3e00000] [id=8508]
  0x000001c6987f4800 ConcurrentGCThread "G1 Conc#0" [stack: 0x000000bda3e00000,0x000000bda3f00000] [id=9268]
  0x000001c69888e000 ConcurrentGCThread "G1 Refine#0" [stack: 0x000000bda3f00000,0x000000bda4000000] [id=14564]
  0x000001c6b41c2800 ConcurrentGCThread "G1 Young RemSet Sampling" [stack: 0x000000bda4000000,0x000000bda4100000] [id=2784]

Threads with active compile tasks:
C2 CompilerThread0   4885 2120       4       java.net.URLClassLoader$1::run (5 bytes)
C2 CompilerThread1   4885 2121   !   4       java.net.URLClassLoader$1::run (63 bytes)

VM state:not at safepoint (normal execution)

VM Mutex/Monitor currently owned by a thread: None

Heap address: 0x0000000080000000, size: 2048 MB, Compressed Oops mode: 32-bit
Narrow klass base: 0x0000000000000000, Narrow klass shift: 3
Compressed class space size: 1073741824 Address: 0x0000000100000000

Heap:
 garbage-first heap   total 262144K, used 69461K [0x0000000080000000, 0x0000000100000000)
  region size 1024K, 60 young (61440K), 8 survivors (8192K)
 Metaspace       used 26231K, capacity 26774K, committed 27008K, reserved 1073152K
  class space    used 3407K, capacity 3596K, committed 3712K, reserved 1048576K
Heap Regions: E=young(eden), S=young(survivor), O=old, HS=humongous(starts), HC=humongous(continues), CS=collection set, F=free, A=archive, TAMS=top-at-mark-start (previous, next)
|   0|0x0000000080000000, 0x0000000080100000, 0x0000000080100000|100%| O|  |TAMS 0x0000000080100000, 0x0000000080000000| Untracked 
|   1|0x0000000080100000, 0x0000000080200000, 0x0000000080200000|100%| O|  |TAMS 0x0000000080200000, 0x0000000080100000| Untracked 
|   2|0x0000000080200000, 0x00000000802ea200, 0x0000000080300000| 91%| O|  |TAMS 0x00000000802ea200, 0x0000000080200000| Untracked 
|   3|0x0000000080300000, 0x0000000080400000, 0x0000000080400000|100%|HS|  |TAMS 0x0000000080400000, 0x0000000080300000| Complete 
|   4|0x0000000080400000, 0x0000000080500000, 0x0000000080500000|100%|HC|  |TAMS 0x0000000080500000, 0x0000000080400000| Complete 
|   5|0x0000000080500000, 0x0000000080600000, 0x0000000080600000|100%|HC|  |TAMS 0x0000000080600000, 0x0000000080500000| Complete 
|   6|0x0000000080600000, 0x0000000080700000, 0x0000000080700000|100%| O|  |TAMS 0x0000000080700000, 0x0000000080600000| Untracked 
|   7|0x0000000080700000, 0x0000000080800000, 0x0000000080800000|100%| O|  |TAMS 0x0000000080800000, 0x0000000080700000| Untracked 
|   8|0x0000000080800000, 0x0000000080900000, 0x0000000080900000|100%| O|  |TAMS 0x0000000080900000, 0x0000000080800000| Untracked 
|   9|0x0000000080900000, 0x0000000080900000, 0x0000000080a00000|  0%| F|  |TAMS 0x0000000080900000, 0x0000000080900000| Untracked 
|  10|0x0000000080a00000, 0x0000000080a00000, 0x0000000080b00000|  0%| F|  |TAMS 0x0000000080a00000, 0x0000000080a00000| Untracked 
|  11|0x0000000080b00000, 0x0000000080b00000, 0x0000000080c00000|  0%| F|  |TAMS 0x0000000080b00000, 0x0000000080b00000| Untracked 
|  12|0x0000000080c00000, 0x0000000080c00000, 0x0000000080d00000|  0%| F|  |TAMS 0x0000000080c00000, 0x0000000080c00000| Untracked 
|  13|0x0000000080d00000, 0x0000000080d00000, 0x0000000080e00000|  0%| F|  |TAMS 0x0000000080d00000, 0x0000000080d00000| Untracked 
|  14|0x0000000080e00000, 0x0000000080e00000, 0x0000000080f00000|  0%| F|  |TAMS 0x0000000080e00000, 0x0000000080e00000| Untracked 
|  15|0x0000000080f00000, 0x0000000080f00000, 0x0000000081000000|  0%| F|  |TAMS 0x0000000080f00000, 0x0000000080f00000| Untracked 
|  16|0x0000000081000000, 0x0000000081000000, 0x0000000081100000|  0%| F|  |TAMS 0x0000000081000000, 0x0000000081000000| Untracked 
|  17|0x0000000081100000, 0x0000000081100000, 0x0000000081200000|  0%| F|  |TAMS 0x0000000081100000, 0x0000000081100000| Untracked 
|  18|0x0000000081200000, 0x0000000081200000, 0x0000000081300000|  0%| F|  |TAMS 0x0000000081200000, 0x0000000081200000| Untracked 
|  19|0x0000000081300000, 0x0000000081300000, 0x0000000081400000|  0%| F|  |TAMS 0x0000000081300000, 0x0000000081300000| Untracked 
|  20|0x0000000081400000, 0x0000000081400000, 0x0000000081500000|  0%| F|  |TAMS 0x0000000081400000, 0x0000000081400000| Untracked 
|  21|0x0000000081500000, 0x0000000081500000, 0x0000000081600000|  0%| F|  |TAMS 0x0000000081500000, 0x0000000081500000| Untracked 
|  22|0x0000000081600000, 0x0000000081600000, 0x0000000081700000|  0%| F|  |TAMS 0x0000000081600000, 0x0000000081600000| Untracked 
|  23|0x0000000081700000, 0x0000000081700000, 0x0000000081800000|  0%| F|  |TAMS 0x0000000081700000, 0x0000000081700000| Untracked 
|  24|0x0000000081800000, 0x0000000081800000, 0x0000000081900000|  0%| F|  |TAMS 0x0000000081800000, 0x0000000081800000| Untracked 
|  25|0x0000000081900000, 0x0000000081900000, 0x0000000081a00000|  0%| F|  |TAMS 0x0000000081900000, 0x0000000081900000| Untracked 
|  26|0x0000000081a00000, 0x0000000081a00000, 0x0000000081b00000|  0%| F|  |TAMS 0x0000000081a00000, 0x0000000081a00000| Untracked 
|  27|0x0000000081b00000, 0x0000000081b00000, 0x0000000081c00000|  0%| F|  |TAMS 0x0000000081b00000, 0x0000000081b00000| Untracked 
|  28|0x0000000081c00000, 0x0000000081c00000, 0x0000000081d00000|  0%| F|  |TAMS 0x0000000081c00000, 0x0000000081c00000| Untracked 
|  29|0x0000000081d00000, 0x0000000081d00000, 0x0000000081e00000|  0%| F|  |TAMS 0x0000000081d00000, 0x0000000081d00000| Untracked 
|  30|0x0000000081e00000, 0x0000000081e00000, 0x0000000081f00000|  0%| F|  |TAMS 0x0000000081e00000, 0x0000000081e00000| Untracked 
|  31|0x0000000081f00000, 0x0000000081f00000, 0x0000000082000000|  0%| F|  |TAMS 0x0000000081f00000, 0x0000000081f00000| Untracked 
|  32|0x0000000082000000, 0x0000000082000000, 0x0000000082100000|  0%| F|  |TAMS 0x0000000082000000, 0x0000000082000000| Untracked 
|  33|0x0000000082100000, 0x0000000082100000, 0x0000000082200000|  0%| F|  |TAMS 0x0000000082100000, 0x0000000082100000| Untracked 
|  34|0x0000000082200000, 0x0000000082200000, 0x0000000082300000|  0%| F|  |TAMS 0x0000000082200000, 0x0000000082200000| Untracked 
|  35|0x0000000082300000, 0x0000000082300000, 0x0000000082400000|  0%| F|  |TAMS 0x0000000082300000, 0x0000000082300000| Untracked 
|  36|0x0000000082400000, 0x0000000082400000, 0x0000000082500000|  0%| F|  |TAMS 0x0000000082400000, 0x0000000082400000| Untracked 
|  37|0x0000000082500000, 0x0000000082500000, 0x0000000082600000|  0%| F|  |TAMS 0x0000000082500000, 0x0000000082500000| Untracked 
|  38|0x0000000082600000, 0x0000000082600000, 0x0000000082700000|  0%| F|  |TAMS 0x0000000082600000, 0x0000000082600000| Untracked 
|  39|0x0000000082700000, 0x0000000082700000, 0x0000000082800000|  0%| F|  |TAMS 0x0000000082700000, 0x0000000082700000| Untracked 
|  40|0x0000000082800000, 0x0000000082800000, 0x0000000082900000|  0%| F|  |TAMS 0x0000000082800000, 0x0000000082800000| Untracked 
|  41|0x0000000082900000, 0x0000000082900000, 0x0000000082a00000|  0%| F|  |TAMS 0x0000000082900000, 0x0000000082900000| Untracked 
|  42|0x0000000082a00000, 0x0000000082a00000, 0x0000000082b00000|  0%| F|  |TAMS 0x0000000082a00000, 0x0000000082a00000| Untracked 
|  43|0x0000000082b00000, 0x0000000082b00000, 0x0000000082c00000|  0%| F|  |TAMS 0x0000000082b00000, 0x0000000082b00000| Untracked 
|  44|0x0000000082c00000, 0x0000000082c00000, 0x0000000082d00000|  0%| F|  |TAMS 0x0000000082c00000, 0x0000000082c00000| Untracked 
|  45|0x0000000082d00000, 0x0000000082d00000, 0x0000000082e00000|  0%| F|  |TAMS 0x0000000082d00000, 0x0000000082d00000| Untracked 
|  46|0x0000000082e00000, 0x0000000082e00000, 0x0000000082f00000|  0%| F|  |TAMS 0x0000000082e00000, 0x0000000082e00000| Untracked 
|  47|0x0000000082f00000, 0x0000000082f00000, 0x0000000083000000|  0%| F|  |TAMS 0x0000000082f00000, 0x0000000082f00000| Untracked 
|  48|0x0000000083000000, 0x0000000083000000, 0x0000000083100000|  0%| F|  |TAMS 0x0000000083000000, 0x0000000083000000| Untracked 
|  49|0x0000000083100000, 0x0000000083100000, 0x0000000083200000|  0%| F|  |TAMS 0x0000000083100000, 0x0000000083100000| Untracked 
|  50|0x0000000083200000, 0x0000000083200000, 0x0000000083300000|  0%| F|  |TAMS 0x0000000083200000, 0x0000000083200000| Untracked 
|  51|0x0000000083300000, 0x0000000083300000, 0x0000000083400000|  0%| F|  |TAMS 0x0000000083300000, 0x0000000083300000| Untracked 
|  52|0x0000000083400000, 0x0000000083400000, 0x0000000083500000|  0%| F|  |TAMS 0x0000000083400000, 0x0000000083400000| Untracked 
|  53|0x0000000083500000, 0x0000000083500000, 0x0000000083600000|  0%| F|  |TAMS 0x0000000083500000, 0x0000000083500000| Untracked 
|  54|0x0000000083600000, 0x0000000083600000, 0x0000000083700000|  0%| F|  |TAMS 0x0000000083600000, 0x0000000083600000| Untracked 
|  55|0x0000000083700000, 0x0000000083700000, 0x0000000083800000|  0%| F|  |TAMS 0x0000000083700000, 0x0000000083700000| Untracked 
|  56|0x0000000083800000, 0x0000000083800000, 0x0000000083900000|  0%| F|  |TAMS 0x0000000083800000, 0x0000000083800000| Untracked 
|  57|0x0000000083900000, 0x0000000083900000, 0x0000000083a00000|  0%| F|  |TAMS 0x0000000083900000, 0x0000000083900000| Untracked 
|  58|0x0000000083a00000, 0x0000000083a00000, 0x0000000083b00000|  0%| F|  |TAMS 0x0000000083a00000, 0x0000000083a00000| Untracked 
|  59|0x0000000083b00000, 0x0000000083b00000, 0x0000000083c00000|  0%| F|  |TAMS 0x0000000083b00000, 0x0000000083b00000| Untracked 
|  60|0x0000000083c00000, 0x0000000083c00000, 0x0000000083d00000|  0%| F|  |TAMS 0x0000000083c00000, 0x0000000083c00000| Untracked 
|  61|0x0000000083d00000, 0x0000000083d00000, 0x0000000083e00000|  0%| F|  |TAMS 0x0000000083d00000, 0x0000000083d00000| Untracked 
|  62|0x0000000083e00000, 0x0000000083e00000, 0x0000000083f00000|  0%| F|  |TAMS 0x0000000083e00000, 0x0000000083e00000| Untracked 
|  63|0x0000000083f00000, 0x0000000083f00000, 0x0000000084000000|  0%| F|  |TAMS 0x0000000083f00000, 0x0000000083f00000| Untracked 
|  64|0x0000000084000000, 0x0000000084000000, 0x0000000084100000|  0%| F|  |TAMS 0x0000000084000000, 0x0000000084000000| Untracked 
|  65|0x0000000084100000, 0x0000000084100000, 0x0000000084200000|  0%| F|  |TAMS 0x0000000084100000, 0x0000000084100000| Untracked 
|  66|0x0000000084200000, 0x0000000084200000, 0x0000000084300000|  0%| F|  |TAMS 0x0000000084200000, 0x0000000084200000| Untracked 
|  67|0x0000000084300000, 0x0000000084300000, 0x0000000084400000|  0%| F|  |TAMS 0x0000000084300000, 0x0000000084300000| Untracked 
|  68|0x0000000084400000, 0x0000000084400000, 0x0000000084500000|  0%| F|  |TAMS 0x0000000084400000, 0x0000000084400000| Untracked 
|  69|0x0000000084500000, 0x0000000084500000, 0x0000000084600000|  0%| F|  |TAMS 0x0000000084500000, 0x0000000084500000| Untracked 
|  70|0x0000000084600000, 0x0000000084600000, 0x0000000084700000|  0%| F|  |TAMS 0x0000000084600000, 0x0000000084600000| Untracked 
|  71|0x0000000084700000, 0x0000000084700000, 0x0000000084800000|  0%| F|  |TAMS 0x0000000084700000, 0x0000000084700000| Untracked 
|  72|0x0000000084800000, 0x0000000084800000, 0x0000000084900000|  0%| F|  |TAMS 0x0000000084800000, 0x0000000084800000| Untracked 
|  73|0x0000000084900000, 0x0000000084900000, 0x0000000084a00000|  0%| F|  |TAMS 0x0000000084900000, 0x0000000084900000| Untracked 
|  74|0x0000000084a00000, 0x0000000084a00000, 0x0000000084b00000|  0%| F|  |TAMS 0x0000000084a00000, 0x0000000084a00000| Untracked 
|  75|0x0000000084b00000, 0x0000000084b00000, 0x0000000084c00000|  0%| F|  |TAMS 0x0000000084b00000, 0x0000000084b00000| Untracked 
|  76|0x0000000084c00000, 0x0000000084c00000, 0x0000000084d00000|  0%| F|  |TAMS 0x0000000084c00000, 0x0000000084c00000| Untracked 
|  77|0x0000000084d00000, 0x0000000084d00000, 0x0000000084e00000|  0%| F|  |TAMS 0x0000000084d00000, 0x0000000084d00000| Untracked 
|  78|0x0000000084e00000, 0x0000000084e00000, 0x0000000084f00000|  0%| F|  |TAMS 0x0000000084e00000, 0x0000000084e00000| Untracked 
|  79|0x0000000084f00000, 0x0000000084f00000, 0x0000000085000000|  0%| F|  |TAMS 0x0000000084f00000, 0x0000000084f00000| Untracked 
|  80|0x0000000085000000, 0x0000000085000000, 0x0000000085100000|  0%| F|  |TAMS 0x0000000085000000, 0x0000000085000000| Untracked 
|  81|0x0000000085100000, 0x0000000085100000, 0x0000000085200000|  0%| F|  |TAMS 0x0000000085100000, 0x0000000085100000| Untracked 
|  82|0x0000000085200000, 0x0000000085200000, 0x0000000085300000|  0%| F|  |TAMS 0x0000000085200000, 0x0000000085200000| Untracked 
|  83|0x0000000085300000, 0x0000000085300000, 0x0000000085400000|  0%| F|  |TAMS 0x0000000085300000, 0x0000000085300000| Untracked 
|  84|0x0000000085400000, 0x0000000085400000, 0x0000000085500000|  0%| F|  |TAMS 0x0000000085400000, 0x0000000085400000| Untracked 
|  85|0x0000000085500000, 0x0000000085500000, 0x0000000085600000|  0%| F|  |TAMS 0x0000000085500000, 0x0000000085500000| Untracked 
|  86|0x0000000085600000, 0x0000000085600000, 0x0000000085700000|  0%| F|  |TAMS 0x0000000085600000, 0x0000000085600000| Untracked 
|  87|0x0000000085700000, 0x0000000085700000, 0x0000000085800000|  0%| F|  |TAMS 0x0000000085700000, 0x0000000085700000| Untracked 
|  88|0x0000000085800000, 0x0000000085800000, 0x0000000085900000|  0%| F|  |TAMS 0x0000000085800000, 0x0000000085800000| Untracked 
|  89|0x0000000085900000, 0x0000000085900000, 0x0000000085a00000|  0%| F|  |TAMS 0x0000000085900000, 0x0000000085900000| Untracked 
|  90|0x0000000085a00000, 0x0000000085a00000, 0x0000000085b00000|  0%| F|  |TAMS 0x0000000085a00000, 0x0000000085a00000| Untracked 
|  91|0x0000000085b00000, 0x0000000085b00000, 0x0000000085c00000|  0%| F|  |TAMS 0x0000000085b00000, 0x0000000085b00000| Untracked 
|  92|0x0000000085c00000, 0x0000000085c00000, 0x0000000085d00000|  0%| F|  |TAMS 0x0000000085c00000, 0x0000000085c00000| Untracked 
|  93|0x0000000085d00000, 0x0000000085d00000, 0x0000000085e00000|  0%| F|  |TAMS 0x0000000085d00000, 0x0000000085d00000| Untracked 
|  94|0x0000000085e00000, 0x0000000085e00000, 0x0000000085f00000|  0%| F|  |TAMS 0x0000000085e00000, 0x0000000085e00000| Untracked 
|  95|0x0000000085f00000, 0x0000000085f00000, 0x0000000086000000|  0%| F|  |TAMS 0x0000000085f00000, 0x0000000085f00000| Untracked 
|  96|0x0000000086000000, 0x0000000086000000, 0x0000000086100000|  0%| F|  |TAMS 0x0000000086000000, 0x0000000086000000| Untracked 
|  97|0x0000000086100000, 0x0000000086100000, 0x0000000086200000|  0%| F|  |TAMS 0x0000000086100000, 0x0000000086100000| Untracked 
|  98|0x0000000086200000, 0x0000000086200000, 0x0000000086300000|  0%| F|  |TAMS 0x0000000086200000, 0x0000000086200000| Untracked 
|  99|0x0000000086300000, 0x0000000086300000, 0x0000000086400000|  0%| F|  |TAMS 0x0000000086300000, 0x0000000086300000| Untracked 
| 100|0x0000000086400000, 0x0000000086400000, 0x0000000086500000|  0%| F|  |TAMS 0x0000000086400000, 0x0000000086400000| Untracked 
| 101|0x0000000086500000, 0x0000000086500000, 0x0000000086600000|  0%| F|  |TAMS 0x0000000086500000, 0x0000000086500000| Untracked 
| 102|0x0000000086600000, 0x0000000086600000, 0x0000000086700000|  0%| F|  |TAMS 0x0000000086600000, 0x0000000086600000| Untracked 
| 103|0x0000000086700000, 0x0000000086700000, 0x0000000086800000|  0%| F|  |TAMS 0x0000000086700000, 0x0000000086700000| Untracked 
| 104|0x0000000086800000, 0x0000000086800000, 0x0000000086900000|  0%| F|  |TAMS 0x0000000086800000, 0x0000000086800000| Untracked 
| 105|0x0000000086900000, 0x0000000086900000, 0x0000000086a00000|  0%| F|  |TAMS 0x0000000086900000, 0x0000000086900000| Untracked 
| 106|0x0000000086a00000, 0x0000000086a00000, 0x0000000086b00000|  0%| F|  |TAMS 0x0000000086a00000, 0x0000000086a00000| Untracked 
| 107|0x0000000086b00000, 0x0000000086b00000, 0x0000000086c00000|  0%| F|  |TAMS 0x0000000086b00000, 0x0000000086b00000| Untracked 
| 108|0x0000000086c00000, 0x0000000086c00000, 0x0000000086d00000|  0%| F|  |TAMS 0x0000000086c00000, 0x0000000086c00000| Untracked 
| 109|0x0000000086d00000, 0x0000000086d00000, 0x0000000086e00000|  0%| F|  |TAMS 0x0000000086d00000, 0x0000000086d00000| Untracked 
| 110|0x0000000086e00000, 0x0000000086e00000, 0x0000000086f00000|  0%| F|  |TAMS 0x0000000086e00000, 0x0000000086e00000| Untracked 
| 111|0x0000000086f00000, 0x0000000086f00000, 0x0000000087000000|  0%| F|  |TAMS 0x0000000086f00000, 0x0000000086f00000| Untracked 
| 112|0x0000000087000000, 0x0000000087000000, 0x0000000087100000|  0%| F|  |TAMS 0x0000000087000000, 0x0000000087000000| Untracked 
| 113|0x0000000087100000, 0x0000000087100000, 0x0000000087200000|  0%| F|  |TAMS 0x0000000087100000, 0x0000000087100000| Untracked 
| 114|0x0000000087200000, 0x0000000087200000, 0x0000000087300000|  0%| F|  |TAMS 0x0000000087200000, 0x0000000087200000| Untracked 
| 115|0x0000000087300000, 0x0000000087300000, 0x0000000087400000|  0%| F|  |TAMS 0x0000000087300000, 0x0000000087300000| Untracked 
| 116|0x0000000087400000, 0x0000000087400000, 0x0000000087500000|  0%| F|  |TAMS 0x0000000087400000, 0x0000000087400000| Untracked 
| 117|0x0000000087500000, 0x0000000087500000, 0x0000000087600000|  0%| F|  |TAMS 0x0000000087500000, 0x0000000087500000| Untracked 
| 118|0x0000000087600000, 0x0000000087600000, 0x0000000087700000|  0%| F|  |TAMS 0x0000000087600000, 0x0000000087600000| Untracked 
| 119|0x0000000087700000, 0x0000000087700000, 0x0000000087800000|  0%| F|  |TAMS 0x0000000087700000, 0x0000000087700000| Untracked 
| 120|0x0000000087800000, 0x0000000087800000, 0x0000000087900000|  0%| F|  |TAMS 0x0000000087800000, 0x0000000087800000| Untracked 
| 121|0x0000000087900000, 0x0000000087900000, 0x0000000087a00000|  0%| F|  |TAMS 0x0000000087900000, 0x0000000087900000| Untracked 
| 122|0x0000000087a00000, 0x0000000087a00000, 0x0000000087b00000|  0%| F|  |TAMS 0x0000000087a00000, 0x0000000087a00000| Untracked 
| 123|0x0000000087b00000, 0x0000000087b00000, 0x0000000087c00000|  0%| F|  |TAMS 0x0000000087b00000, 0x0000000087b00000| Untracked 
| 124|0x0000000087c00000, 0x0000000087c00000, 0x0000000087d00000|  0%| F|  |TAMS 0x0000000087c00000, 0x0000000087c00000| Untracked 
| 125|0x0000000087d00000, 0x0000000087d00000, 0x0000000087e00000|  0%| F|  |TAMS 0x0000000087d00000, 0x0000000087d00000| Untracked 
| 126|0x0000000087e00000, 0x0000000087e00000, 0x0000000087f00000|  0%| F|  |TAMS 0x0000000087e00000, 0x0000000087e00000| Untracked 
| 127|0x0000000087f00000, 0x0000000087f00000, 0x0000000088000000|  0%| F|  |TAMS 0x0000000087f00000, 0x0000000087f00000| Untracked 
| 128|0x0000000088000000, 0x0000000088000000, 0x0000000088100000|  0%| F|  |TAMS 0x0000000088000000, 0x0000000088000000| Untracked 
| 129|0x0000000088100000, 0x0000000088100000, 0x0000000088200000|  0%| F|  |TAMS 0x0000000088100000, 0x0000000088100000| Untracked 
| 130|0x0000000088200000, 0x0000000088200000, 0x0000000088300000|  0%| F|  |TAMS 0x0000000088200000, 0x0000000088200000| Untracked 
| 131|0x0000000088300000, 0x0000000088300000, 0x0000000088400000|  0%| F|  |TAMS 0x0000000088300000, 0x0000000088300000| Untracked 
| 132|0x0000000088400000, 0x0000000088400000, 0x0000000088500000|  0%| F|  |TAMS 0x0000000088400000, 0x0000000088400000| Untracked 
| 133|0x0000000088500000, 0x0000000088500000, 0x0000000088600000|  0%| F|  |TAMS 0x0000000088500000, 0x0000000088500000| Untracked 
| 134|0x0000000088600000, 0x0000000088600000, 0x0000000088700000|  0%| F|  |TAMS 0x0000000088600000, 0x0000000088600000| Untracked 
| 135|0x0000000088700000, 0x0000000088700000, 0x0000000088800000|  0%| F|  |TAMS 0x0000000088700000, 0x0000000088700000| Untracked 
| 136|0x0000000088800000, 0x0000000088800000, 0x0000000088900000|  0%| F|  |TAMS 0x0000000088800000, 0x0000000088800000| Untracked 
| 137|0x0000000088900000, 0x0000000088900000, 0x0000000088a00000|  0%| F|  |TAMS 0x0000000088900000, 0x0000000088900000| Untracked 
| 138|0x0000000088a00000, 0x0000000088a00000, 0x0000000088b00000|  0%| F|  |TAMS 0x0000000088a00000, 0x0000000088a00000| Untracked 
| 139|0x0000000088b00000, 0x0000000088b00000, 0x0000000088c00000|  0%| F|  |TAMS 0x0000000088b00000, 0x0000000088b00000| Untracked 
| 140|0x0000000088c00000, 0x0000000088c00000, 0x0000000088d00000|  0%| F|  |TAMS 0x0000000088c00000, 0x0000000088c00000| Untracked 
| 141|0x0000000088d00000, 0x0000000088d00000, 0x0000000088e00000|  0%| F|  |TAMS 0x0000000088d00000, 0x0000000088d00000| Untracked 
| 142|0x0000000088e00000, 0x0000000088e00000, 0x0000000088f00000|  0%| F|  |TAMS 0x0000000088e00000, 0x0000000088e00000| Untracked 
| 143|0x0000000088f00000, 0x0000000088f00000, 0x0000000089000000|  0%| F|  |TAMS 0x0000000088f00000, 0x0000000088f00000| Untracked 
| 144|0x0000000089000000, 0x0000000089000000, 0x0000000089100000|  0%| F|  |TAMS 0x0000000089000000, 0x0000000089000000| Untracked 
| 145|0x0000000089100000, 0x0000000089100000, 0x0000000089200000|  0%| F|  |TAMS 0x0000000089100000, 0x0000000089100000| Untracked 
| 146|0x0000000089200000, 0x0000000089200000, 0x0000000089300000|  0%| F|  |TAMS 0x0000000089200000, 0x0000000089200000| Untracked 
| 147|0x0000000089300000, 0x0000000089300000, 0x0000000089400000|  0%| F|  |TAMS 0x0000000089300000, 0x0000000089300000| Untracked 
| 148|0x0000000089400000, 0x0000000089400000, 0x0000000089500000|  0%| F|  |TAMS 0x0000000089400000, 0x0000000089400000| Untracked 
| 149|0x0000000089500000, 0x0000000089500000, 0x0000000089600000|  0%| F|  |TAMS 0x0000000089500000, 0x0000000089500000| Untracked 
| 150|0x0000000089600000, 0x0000000089600000, 0x0000000089700000|  0%| F|  |TAMS 0x0000000089600000, 0x0000000089600000| Untracked 
| 151|0x0000000089700000, 0x0000000089700000, 0x0000000089800000|  0%| F|  |TAMS 0x0000000089700000, 0x0000000089700000| Untracked 
| 152|0x0000000089800000, 0x0000000089800000, 0x0000000089900000|  0%| F|  |TAMS 0x0000000089800000, 0x0000000089800000| Untracked 
| 153|0x0000000089900000, 0x0000000089900000, 0x0000000089a00000|  0%| F|  |TAMS 0x0000000089900000, 0x0000000089900000| Untracked 
| 154|0x0000000089a00000, 0x0000000089a00000, 0x0000000089b00000|  0%| F|  |TAMS 0x0000000089a00000, 0x0000000089a00000| Untracked 
| 155|0x0000000089b00000, 0x0000000089b00000, 0x0000000089c00000|  0%| F|  |TAMS 0x0000000089b00000, 0x0000000089b00000| Untracked 
| 156|0x0000000089c00000, 0x0000000089c00000, 0x0000000089d00000|  0%| F|  |TAMS 0x0000000089c00000, 0x0000000089c00000| Untracked 
| 157|0x0000000089d00000, 0x0000000089d00000, 0x0000000089e00000|  0%| F|  |TAMS 0x0000000089d00000, 0x0000000089d00000| Untracked 
| 158|0x0000000089e00000, 0x0000000089e00000, 0x0000000089f00000|  0%| F|  |TAMS 0x0000000089e00000, 0x0000000089e00000| Untracked 
| 159|0x0000000089f00000, 0x0000000089f00000, 0x000000008a000000|  0%| F|  |TAMS 0x0000000089f00000, 0x0000000089f00000| Untracked 
| 160|0x000000008a000000, 0x000000008a000000, 0x000000008a100000|  0%| F|  |TAMS 0x000000008a000000, 0x000000008a000000| Untracked 
| 161|0x000000008a100000, 0x000000008a100000, 0x000000008a200000|  0%| F|  |TAMS 0x000000008a100000, 0x000000008a100000| Untracked 
| 162|0x000000008a200000, 0x000000008a200000, 0x000000008a300000|  0%| F|  |TAMS 0x000000008a200000, 0x000000008a200000| Untracked 
| 163|0x000000008a300000, 0x000000008a300000, 0x000000008a400000|  0%| F|  |TAMS 0x000000008a300000, 0x000000008a300000| Untracked 
| 164|0x000000008a400000, 0x000000008a400000, 0x000000008a500000|  0%| F|  |TAMS 0x000000008a400000, 0x000000008a400000| Untracked 
| 165|0x000000008a500000, 0x000000008a500000, 0x000000008a600000|  0%| F|  |TAMS 0x000000008a500000, 0x000000008a500000| Untracked 
| 166|0x000000008a600000, 0x000000008a600000, 0x000000008a700000|  0%| F|  |TAMS 0x000000008a600000, 0x000000008a600000| Untracked 
| 167|0x000000008a700000, 0x000000008a700000, 0x000000008a800000|  0%| F|  |TAMS 0x000000008a700000, 0x000000008a700000| Untracked 
| 168|0x000000008a800000, 0x000000008a800000, 0x000000008a900000|  0%| F|  |TAMS 0x000000008a800000, 0x000000008a800000| Untracked 
| 169|0x000000008a900000, 0x000000008a900000, 0x000000008aa00000|  0%| F|  |TAMS 0x000000008a900000, 0x000000008a900000| Untracked 
| 170|0x000000008aa00000, 0x000000008aa00000, 0x000000008ab00000|  0%| F|  |TAMS 0x000000008aa00000, 0x000000008aa00000| Untracked 
| 171|0x000000008ab00000, 0x000000008ab00000, 0x000000008ac00000|  0%| F|  |TAMS 0x000000008ab00000, 0x000000008ab00000| Untracked 
| 172|0x000000008ac00000, 0x000000008ac00000, 0x000000008ad00000|  0%| F|  |TAMS 0x000000008ac00000, 0x000000008ac00000| Untracked 
| 173|0x000000008ad00000, 0x000000008ad00000, 0x000000008ae00000|  0%| F|  |TAMS 0x000000008ad00000, 0x000000008ad00000| Untracked 
| 174|0x000000008ae00000, 0x000000008ae00000, 0x000000008af00000|  0%| F|  |TAMS 0x000000008ae00000, 0x000000008ae00000| Untracked 
| 175|0x000000008af00000, 0x000000008af00000, 0x000000008b000000|  0%| F|  |TAMS 0x000000008af00000, 0x000000008af00000| Untracked 
| 176|0x000000008b000000, 0x000000008b000000, 0x000000008b100000|  0%| F|  |TAMS 0x000000008b000000, 0x000000008b000000| Untracked 
| 177|0x000000008b100000, 0x000000008b100000, 0x000000008b200000|  0%| F|  |TAMS 0x000000008b100000, 0x000000008b100000| Untracked 
| 178|0x000000008b200000, 0x000000008b200000, 0x000000008b300000|  0%| F|  |TAMS 0x000000008b200000, 0x000000008b200000| Untracked 
| 179|0x000000008b300000, 0x000000008b300000, 0x000000008b400000|  0%| F|  |TAMS 0x000000008b300000, 0x000000008b300000| Untracked 
| 180|0x000000008b400000, 0x000000008b400000, 0x000000008b500000|  0%| F|  |TAMS 0x000000008b400000, 0x000000008b400000| Untracked 
| 181|0x000000008b500000, 0x000000008b500000, 0x000000008b600000|  0%| F|  |TAMS 0x000000008b500000, 0x000000008b500000| Untracked 
| 182|0x000000008b600000, 0x000000008b600000, 0x000000008b700000|  0%| F|  |TAMS 0x000000008b600000, 0x000000008b600000| Untracked 
| 183|0x000000008b700000, 0x000000008b700000, 0x000000008b800000|  0%| F|  |TAMS 0x000000008b700000, 0x000000008b700000| Untracked 
| 184|0x000000008b800000, 0x000000008b800000, 0x000000008b900000|  0%| F|  |TAMS 0x000000008b800000, 0x000000008b800000| Untracked 
| 185|0x000000008b900000, 0x000000008b900000, 0x000000008ba00000|  0%| F|  |TAMS 0x000000008b900000, 0x000000008b900000| Untracked 
| 186|0x000000008ba00000, 0x000000008ba00000, 0x000000008bb00000|  0%| F|  |TAMS 0x000000008ba00000, 0x000000008ba00000| Untracked 
| 187|0x000000008bb00000, 0x000000008bb00000, 0x000000008bc00000|  0%| F|  |TAMS 0x000000008bb00000, 0x000000008bb00000| Untracked 
| 188|0x000000008bc00000, 0x000000008bc00000, 0x000000008bd00000|  0%| F|  |TAMS 0x000000008bc00000, 0x000000008bc00000| Untracked 
| 189|0x000000008bd00000, 0x000000008bd00000, 0x000000008be00000|  0%| F|  |TAMS 0x000000008bd00000, 0x000000008bd00000| Untracked 
| 190|0x000000008be00000, 0x000000008be00000, 0x000000008bf00000|  0%| F|  |TAMS 0x000000008be00000, 0x000000008be00000| Untracked 
| 191|0x000000008bf00000, 0x000000008bf00000, 0x000000008c000000|  0%| F|  |TAMS 0x000000008bf00000, 0x000000008bf00000| Untracked 
| 192|0x000000008c000000, 0x000000008c000000, 0x000000008c100000|  0%| F|  |TAMS 0x000000008c000000, 0x000000008c000000| Untracked 
| 193|0x000000008c100000, 0x000000008c100000, 0x000000008c200000|  0%| F|  |TAMS 0x000000008c100000, 0x000000008c100000| Untracked 
| 194|0x000000008c200000, 0x000000008c200000, 0x000000008c300000|  0%| F|  |TAMS 0x000000008c200000, 0x000000008c200000| Untracked 
| 195|0x000000008c300000, 0x000000008c300000, 0x000000008c400000|  0%| F|  |TAMS 0x000000008c300000, 0x000000008c300000| Untracked 
| 196|0x000000008c400000, 0x000000008c475100, 0x000000008c500000| 45%| E|  |TAMS 0x000000008c400000, 0x000000008c400000| Complete 
| 197|0x000000008c500000, 0x000000008c600000, 0x000000008c600000|100%| E|CS|TAMS 0x000000008c500000, 0x000000008c500000| Complete 
| 198|0x000000008c600000, 0x000000008c700000, 0x000000008c700000|100%| E|CS|TAMS 0x000000008c600000, 0x000000008c600000| Complete 
| 199|0x000000008c700000, 0x000000008c800000, 0x000000008c800000|100%| E|CS|TAMS 0x000000008c700000, 0x000000008c700000| Complete 
| 200|0x000000008c800000, 0x000000008c900000, 0x000000008c900000|100%| E|CS|TAMS 0x000000008c800000, 0x000000008c800000| Complete 
| 201|0x000000008c900000, 0x000000008ca00000, 0x000000008ca00000|100%| E|CS|TAMS 0x000000008c900000, 0x000000008c900000| Complete 
| 202|0x000000008ca00000, 0x000000008cb00000, 0x000000008cb00000|100%| E|CS|TAMS 0x000000008ca00000, 0x000000008ca00000| Complete 
| 203|0x000000008cb00000, 0x000000008cc00000, 0x000000008cc00000|100%| E|CS|TAMS 0x000000008cb00000, 0x000000008cb00000| Complete 
| 204|0x000000008cc00000, 0x000000008cd00000, 0x000000008cd00000|100%| E|CS|TAMS 0x000000008cc00000, 0x000000008cc00000| Complete 
| 205|0x000000008cd00000, 0x000000008ce00000, 0x000000008ce00000|100%| E|CS|TAMS 0x000000008cd00000, 0x000000008cd00000| Complete 
| 206|0x000000008ce00000, 0x000000008cf00000, 0x000000008cf00000|100%| E|CS|TAMS 0x000000008ce00000, 0x000000008ce00000| Complete 
| 207|0x000000008cf00000, 0x000000008d000000, 0x000000008d000000|100%| E|CS|TAMS 0x000000008cf00000, 0x000000008cf00000| Complete 
| 208|0x000000008d000000, 0x000000008d100000, 0x000000008d100000|100%| E|CS|TAMS 0x000000008d000000, 0x000000008d000000| Complete 
| 209|0x000000008d100000, 0x000000008d200000, 0x000000008d200000|100%| E|CS|TAMS 0x000000008d100000, 0x000000008d100000| Complete 
| 210|0x000000008d200000, 0x000000008d300000, 0x000000008d300000|100%| E|CS|TAMS 0x000000008d200000, 0x000000008d200000| Complete 
| 211|0x000000008d300000, 0x000000008d400000, 0x000000008d400000|100%| E|CS|TAMS 0x000000008d300000, 0x000000008d300000| Complete 
| 212|0x000000008d400000, 0x000000008d500000, 0x000000008d500000|100%| E|CS|TAMS 0x000000008d400000, 0x000000008d400000| Complete 
| 213|0x000000008d500000, 0x000000008d600000, 0x000000008d600000|100%| E|CS|TAMS 0x000000008d500000, 0x000000008d500000| Complete 
| 214|0x000000008d600000, 0x000000008d700000, 0x000000008d700000|100%| E|CS|TAMS 0x000000008d600000, 0x000000008d600000| Complete 
| 215|0x000000008d700000, 0x000000008d800000, 0x000000008d800000|100%| E|CS|TAMS 0x000000008d700000, 0x000000008d700000| Complete 
| 216|0x000000008d800000, 0x000000008d900000, 0x000000008d900000|100%| E|CS|TAMS 0x000000008d800000, 0x000000008d800000| Complete 
| 217|0x000000008d900000, 0x000000008da00000, 0x000000008da00000|100%| E|CS|TAMS 0x000000008d900000, 0x000000008d900000| Complete 
| 218|0x000000008da00000, 0x000000008db00000, 0x000000008db00000|100%| E|CS|TAMS 0x000000008da00000, 0x000000008da00000| Complete 
| 219|0x000000008db00000, 0x000000008dc00000, 0x000000008dc00000|100%| E|CS|TAMS 0x000000008db00000, 0x000000008db00000| Complete 
| 220|0x000000008dc00000, 0x000000008dd00000, 0x000000008dd00000|100%| E|CS|TAMS 0x000000008dc00000, 0x000000008dc00000| Complete 
| 221|0x000000008dd00000, 0x000000008de00000, 0x000000008de00000|100%| E|CS|TAMS 0x000000008dd00000, 0x000000008dd00000| Complete 
| 222|0x000000008de00000, 0x000000008df00000, 0x000000008df00000|100%| E|CS|TAMS 0x000000008de00000, 0x000000008de00000| Complete 
| 223|0x000000008df00000, 0x000000008e000000, 0x000000008e000000|100%| E|CS|TAMS 0x000000008df00000, 0x000000008df00000| Complete 
| 224|0x000000008e000000, 0x000000008e0eb260, 0x000000008e100000| 91%| S|CS|TAMS 0x000000008e000000, 0x000000008e000000| Complete 
| 225|0x000000008e100000, 0x000000008e200000, 0x000000008e200000|100%| S|CS|TAMS 0x000000008e100000, 0x000000008e100000| Complete 
| 226|0x000000008e200000, 0x000000008e300000, 0x000000008e300000|100%| S|CS|TAMS 0x000000008e200000, 0x000000008e200000| Complete 
| 227|0x000000008e300000, 0x000000008e400000, 0x000000008e400000|100%| S|CS|TAMS 0x000000008e300000, 0x000000008e300000| Complete 
| 228|0x000000008e400000, 0x000000008e500000, 0x000000008e500000|100%| S|CS|TAMS 0x000000008e400000, 0x000000008e400000| Complete 
| 229|0x000000008e500000, 0x000000008e600000, 0x000000008e600000|100%| S|CS|TAMS 0x000000008e500000, 0x000000008e500000| Complete 
| 230|0x000000008e600000, 0x000000008e700000, 0x000000008e700000|100%| S|CS|TAMS 0x000000008e600000, 0x000000008e600000| Complete 
| 231|0x000000008e700000, 0x000000008e800000, 0x000000008e800000|100%| S|CS|TAMS 0x000000008e700000, 0x000000008e700000| Complete 
| 232|0x000000008e800000, 0x000000008e900000, 0x000000008e900000|100%| E|CS|TAMS 0x000000008e800000, 0x000000008e800000| Complete 
| 233|0x000000008e900000, 0x000000008ea00000, 0x000000008ea00000|100%| E|CS|TAMS 0x000000008e900000, 0x000000008e900000| Complete 
| 234|0x000000008ea00000, 0x000000008eb00000, 0x000000008eb00000|100%| E|CS|TAMS 0x000000008ea00000, 0x000000008ea00000| Complete 
| 235|0x000000008eb00000, 0x000000008ec00000, 0x000000008ec00000|100%| E|CS|TAMS 0x000000008eb00000, 0x000000008eb00000| Complete 
| 236|0x000000008ec00000, 0x000000008ed00000, 0x000000008ed00000|100%| E|CS|TAMS 0x000000008ec00000, 0x000000008ec00000| Complete 
| 237|0x000000008ed00000, 0x000000008ee00000, 0x000000008ee00000|100%| E|CS|TAMS 0x000000008ed00000, 0x000000008ed00000| Complete 
| 238|0x000000008ee00000, 0x000000008ef00000, 0x000000008ef00000|100%| E|CS|TAMS 0x000000008ee00000, 0x000000008ee00000| Complete 
| 239|0x000000008ef00000, 0x000000008f000000, 0x000000008f000000|100%| E|CS|TAMS 0x000000008ef00000, 0x000000008ef00000| Complete 
| 240|0x000000008f000000, 0x000000008f100000, 0x000000008f100000|100%| E|CS|TAMS 0x000000008f000000, 0x000000008f000000| Complete 
| 241|0x000000008f100000, 0x000000008f200000, 0x000000008f200000|100%| E|CS|TAMS 0x000000008f100000, 0x000000008f100000| Complete 
| 242|0x000000008f200000, 0x000000008f300000, 0x000000008f300000|100%| E|CS|TAMS 0x000000008f200000, 0x000000008f200000| Complete 
| 243|0x000000008f300000, 0x000000008f400000, 0x000000008f400000|100%| E|CS|TAMS 0x000000008f300000, 0x000000008f300000| Complete 
| 244|0x000000008f400000, 0x000000008f500000, 0x000000008f500000|100%| E|CS|TAMS 0x000000008f400000, 0x000000008f400000| Complete 
| 245|0x000000008f500000, 0x000000008f600000, 0x000000008f600000|100%| E|CS|TAMS 0x000000008f500000, 0x000000008f500000| Complete 
| 246|0x000000008f600000, 0x000000008f700000, 0x000000008f700000|100%| E|CS|TAMS 0x000000008f600000, 0x000000008f600000| Complete 
| 247|0x000000008f700000, 0x000000008f800000, 0x000000008f800000|100%| E|CS|TAMS 0x000000008f700000, 0x000000008f700000| Complete 
| 248|0x000000008f800000, 0x000000008f900000, 0x000000008f900000|100%| E|CS|TAMS 0x000000008f800000, 0x000000008f800000| Complete 
| 249|0x000000008f900000, 0x000000008fa00000, 0x000000008fa00000|100%| E|CS|TAMS 0x000000008f900000, 0x000000008f900000| Complete 
| 250|0x000000008fa00000, 0x000000008fb00000, 0x000000008fb00000|100%| E|CS|TAMS 0x000000008fa00000, 0x000000008fa00000| Complete 
| 251|0x000000008fb00000, 0x000000008fc00000, 0x000000008fc00000|100%| E|CS|TAMS 0x000000008fb00000, 0x000000008fb00000| Complete 
| 252|0x000000008fc00000, 0x000000008fd00000, 0x000000008fd00000|100%| E|CS|TAMS 0x000000008fc00000, 0x000000008fc00000| Complete 
| 253|0x000000008fd00000, 0x000000008fe00000, 0x000000008fe00000|100%| E|CS|TAMS 0x000000008fd00000, 0x000000008fd00000| Complete 
| 254|0x000000008fe00000, 0x000000008ff00000, 0x000000008ff00000|100%| E|CS|TAMS 0x000000008fe00000, 0x000000008fe00000| Complete 
| 255|0x000000008ff00000, 0x0000000090000000, 0x0000000090000000|100%| E|CS|TAMS 0x000000008ff00000, 0x000000008ff00000| Complete 

Card table byte_map: [0x000001c6ad4d0000,0x000001c6ad8d0000] _byte_map_base: 0x000001c6ad0d0000

Marking Bits (Prev, Next): (CMBitMap*) 0x000001c6987ea3b0, (CMBitMap*) 0x000001c6987ea378
 Prev Bits: [0x000001c6afcd0000, 0x000001c6b1cd0000)
 Next Bits: [0x000001c6adcd0000, 0x000001c6afcd0000)

Polling page: 0x000001c698890000

Metaspace:

Usage:
  Non-class:     22.65 MB capacity,    22.32 MB ( 99%) used,   288.15 KB (  1%) free+waste,    47.56 KB ( <1%) overhead. 
      Class:      3.55 MB capacity,     3.34 MB ( 94%) used,   197.39 KB (  5%) free+waste,    23.88 KB ( <1%) overhead. 
       Both:     26.20 MB capacity,    25.66 MB ( 98%) used,   485.54 KB (  2%) free+waste,    71.44 KB ( <1%) overhead. 

Virtual space:
  Non-class space:       24.00 MB reserved,      22.75 MB ( 95%) committed 
      Class space:        1.00 GB reserved,       3.63 MB ( <1%) committed 
             Both:        1.02 GB reserved,      26.38 MB (  3%) committed 

Chunk freelists:
   Non-Class:  40.00 KB
       Class:  10.00 KB
        Both:  50.00 KB

MaxMetaspaceSize: 17179869184.00 GB
CompressedClassSpaceSize: 1.00 GB
Initial GC threshold: 20.80 MB
Current GC threshold: 35.00 MB
CDS: off

CodeHeap 'non-profiled nmethods': size=120064Kb used=1110Kb max_used=1110Kb free=118953Kb
 bounds [0x000001c6a5550000, 0x000001c6a57c0000, 0x000001c6aca90000]
CodeHeap 'profiled nmethods': size=120000Kb used=4788Kb max_used=4788Kb free=115211Kb
 bounds [0x000001c69e020000, 0x000001c69e4d0000, 0x000001c6a5550000]
CodeHeap 'non-nmethods': size=5696Kb used=1229Kb max_used=1256Kb free=4466Kb
 bounds [0x000001c69da90000, 0x000001c69dd00000, 0x000001c69e020000]
 total_blobs=2735 nmethods=2235 adapters=412
 compilation: enabled
              stopped_count=0, restarted_count=0
 full_count=0

Compilation events (20 events):
Event: 4.812 Thread 0x000001c6b4bec000 2226       3       java.io.ByteArrayOutputStream::<init> (7 bytes)
Event: 4.812 Thread 0x000001c6b4bec000 nmethod 2226 0x000001c69e4b9210 code [0x000001c69e4b93c0, 0x000001c69e4b94e8]
Event: 4.813 Thread 0x000001c6b4bec000 2227       3       jdk.internal.loader.AbstractClassLoaderValue::extractValue (17 bytes)
Event: 4.813 Thread 0x000001c6b4bec000 nmethod 2227 0x000001c69e4b9590 code [0x000001c69e4b9760, 0x000001c69e4b9ac8]
Event: 4.817 Thread 0x000001c6b4bec000 2228       3       java.io.WinNTFileSystem::resolve (275 bytes)
Event: 4.821 Thread 0x000001c6b4bec000 nmethod 2228 0x000001c69e4b9b90 code [0x000001c69e4ba0c0, 0x000001c69e4bcd78]
Event: 4.821 Thread 0x000001c6b4bec000 2230   !   3       java.util.concurrent.ConcurrentHashMap::replaceNode (437 bytes)
Event: 4.824 Thread 0x000001c6b4bec000 nmethod 2230 0x000001c69e4bdf90 code [0x000001c69e4be340, 0x000001c69e4c03f8]
Event: 4.824 Thread 0x000001c6b4bec000 2229       3       jdk.internal.org.objectweb.asm.MethodVisitor::visitVarInsn (17 bytes)
Event: 4.824 Thread 0x000001c6b4bec000 nmethod 2229 0x000001c69e4c1290 code [0x000001c69e4c1440, 0x000001c69e4c1628]
Event: 4.834 Thread 0x000001c6b4bec000 2231       3       com.google.common.base.CharMatcher$IsEither::matches (22 bytes)
Event: 4.834 Thread 0x000001c6b4bec000 nmethod 2231 0x000001c69e4c1710 code [0x000001c69e4c18c0, 0x000001c69e4c1a58]
Event: 4.835 Thread 0x000001c6b4bec000 2232       3       java.util.Collections$UnmodifiableCollection::size (10 bytes)
Event: 4.835 Thread 0x000001c6b4bec000 nmethod 2232 0x000001c69e4c1b10 code [0x000001c69e4c1cc0, 0x000001c69e4c1e88]
Event: 4.835 Thread 0x000001c6b4bec000 2234       3       java.util.Collections$UnmodifiableList::get (11 bytes)
Event: 4.835 Thread 0x000001c6b4bec000 nmethod 2234 0x000001c69e4c1f90 code [0x000001c69e4c2140, 0x000001c69e4c2308]
Event: 4.835 Thread 0x000001c6b4bec000 2236       3       org.gradle.api.internal.file.pattern.PatternMatcherFactory::compile (117 bytes)
Event: 4.836 Thread 0x000001c6b4bec000 nmethod 2236 0x000001c69e4c2410 code [0x000001c69e4c26c0, 0x000001c69e4c3358]
Event: 4.836 Thread 0x000001c6b4bec000 2235       1       org.gradle.api.internal.file.pattern.EndOfPathMatcher::getMaxSegments (2 bytes)
Event: 4.836 Thread 0x000001c6b4bec000 nmethod 2235 0x000001c6a5665090 code [0x000001c6a5665240, 0x000001c6a56652f8]

GC Heap History (10 events):
Event: 0.601 GC heap before
{Heap before GC invocations=0 (full 0):
 garbage-first heap   total 262144K, used 20480K [0x0000000080000000, 0x0000000100000000)
  region size 1024K, 14 young (14336K), 0 survivors (0K)
 Metaspace       used 6742K, capacity 6925K, committed 7168K, reserved 1056768K
  class space    used 582K, capacity 650K, committed 768K, reserved 1048576K
}
Event: 0.605 GC heap after
{Heap after GC invocations=1 (full 0):
 garbage-first heap   total 262144K, used 8010K [0x0000000080000000, 0x0000000100000000)
  region size 1024K, 2 young (2048K), 2 survivors (2048K)
 Metaspace       used 6742K, capacity 6925K, committed 7168K, reserved 1056768K
  class space    used 582K, capacity 650K, committed 768K, reserved 1048576K
}
Event: 0.939 GC heap before
{Heap before GC invocations=1 (full 0):
 garbage-first heap   total 262144K, used 19274K [0x0000000080000000, 0x0000000100000000)
  region size 1024K, 13 young (13312K), 2 survivors (2048K)
 Metaspace       used 9888K, capacity 10118K, committed 10368K, reserved 1058816K
  class space    used 1028K, capacity 1102K, committed 1152K, reserved 1048576K
}
Event: 0.943 GC heap after
{Heap after GC invocations=2 (full 0):
 garbage-first heap   total 262144K, used 9550K [0x0000000080000000, 0x0000000100000000)
  region size 1024K, 2 young (2048K), 2 survivors (2048K)
 Metaspace       used 9888K, capacity 10118K, committed 10368K, reserved 1058816K
  class space    used 1028K, capacity 1102K, committed 1152K, reserved 1048576K
}
Event: 1.478 GC heap before
{Heap before GC invocations=2 (full 0):
 garbage-first heap   total 262144K, used 41294K [0x0000000080000000, 0x0000000100000000)
  region size 1024K, 32 young (32768K), 2 survivors (2048K)
 Metaspace       used 10856K, capacity 11073K, committed 11264K, reserved 1058816K
  class space    used 1131K, capacity 1207K, committed 1280K, reserved 1048576K
}
Event: 1.483 GC heap after
{Heap after GC invocations=3 (full 0):
 garbage-first heap   total 262144K, used 11131K [0x0000000080000000, 0x0000000100000000)
  region size 1024K, 4 young (4096K), 4 survivors (4096K)
 Metaspace       used 10856K, capacity 11073K, committed 11264K, reserved 1058816K
  class space    used 1131K, capacity 1207K, committed 1280K, reserved 1048576K
}
Event: 3.577 GC heap before
{Heap before GC invocations=3 (full 0):
 garbage-first heap   total 262144K, used 60283K [0x0000000080000000, 0x0000000100000000)
  region size 1024K, 52 young (53248K), 4 survivors (4096K)
 Metaspace       used 18495K, capacity 18878K, committed 19072K, reserved 1067008K
  class space    used 2213K, capacity 2341K, committed 2432K, reserved 1048576K
}
Event: 3.586 GC heap after
{Heap after GC invocations=4 (full 0):
 garbage-first heap   total 262144K, used 16296K [0x0000000080000000, 0x0000000100000000)
  region size 1024K, 7 young (7168K), 7 survivors (7168K)
 Metaspace       used 18495K, capacity 18878K, committed 19072K, reserved 1067008K
  class space    used 2213K, capacity 2341K, committed 2432K, reserved 1048576K
}
Event: 3.965 GC heap before
{Heap before GC invocations=4 (full 0):
 garbage-first heap   total 262144K, used 39848K [0x0000000080000000, 0x0000000100000000)
  region size 1024K, 31 young (31744K), 7 survivors (7168K)
 Metaspace       used 20731K, capacity 21138K, committed 21248K, reserved 1067008K
  class space    used 2552K, capacity 2711K, committed 2816K, reserved 1048576K
}
Event: 3.973 GC heap after
{Heap after GC invocations=5 (full 0):
 garbage-first heap   total 262144K, used 17237K [0x0000000080000000, 0x0000000100000000)
  region size 1024K, 8 young (8192K), 8 survivors (8192K)
 Metaspace       used 20731K, capacity 21138K, committed 21248K, reserved 1067008K
  class space    used 2552K, capacity 2711K, committed 2816K, reserved 1048576K
}

Deoptimization events (20 events):
Event: 3.933 Thread 0x000001c6b6825800 Uncommon trap: trap_request=0xffffff4d fr.pc=0x000001c6a55c5010 relative=0x0000000000000450
Event: 3.933 Thread 0x000001c6b6825800 Uncommon trap: reason=unstable_if action=reinterpret pc=0x000001c6a55c5010 method=java.lang.String.substring(I)Ljava/lang/String; @ 34 c2
Event: 3.933 Thread 0x000001c6b6825800 DEOPT PACKING pc=0x000001c6a55c5010 sp=0x000000bda55fb3b0
Event: 3.933 Thread 0x000001c6b6825800 DEOPT UNPACKING pc=0x000001c69dada1af sp=0x000000bda55fb388 mode 2
Event: 4.092 Thread 0x000001c6b6825800 Uncommon trap: trap_request=0xffffff4d fr.pc=0x000001c6a5637398 relative=0x0000000000000398
Event: 4.092 Thread 0x000001c6b6825800 Uncommon trap: reason=unstable_if action=reinterpret pc=0x000001c6a5637398 method=jdk.internal.org.objectweb.asm.Type.getArgumentsAndReturnSizes(Ljava/lang/String;)I @ 88 c2
Event: 4.092 Thread 0x000001c6b6825800 DEOPT PACKING pc=0x000001c6a5637398 sp=0x000000bda55f9990
Event: 4.092 Thread 0x000001c6b6825800 DEOPT UNPACKING pc=0x000001c69dada1af sp=0x000000bda55f9918 mode 2
Event: 4.104 Thread 0x000001c6b6825800 Uncommon trap: trap_request=0xffffffcc fr.pc=0x000001c6a5644378 relative=0x00000000000002b8
Event: 4.104 Thread 0x000001c6b6825800 Uncommon trap: reason=intrinsic_or_type_checked_inlining action=make_not_entrant pc=0x000001c6a5644378 method=java.util.Arrays.copyOf([Ljava/lang/Object;ILjava/lang/Class;)[Ljava/lang/Object; @ 35 c2
Event: 4.104 Thread 0x000001c6b6825800 DEOPT PACKING pc=0x000001c6a5644378 sp=0x000000bda55fba80
Event: 4.104 Thread 0x000001c6b6825800 DEOPT UNPACKING pc=0x000001c69dada1af sp=0x000000bda55fba10 mode 2
Event: 4.389 Thread 0x000001c6b6825800 Uncommon trap: trap_request=0xffffff4d fr.pc=0x000001c6a55a11fc relative=0x000000000000023c
Event: 4.389 Thread 0x000001c6b6825800 Uncommon trap: reason=unstable_if action=reinterpret pc=0x000001c6a55a11fc method=java.util.concurrent.ConcurrentHashMap.get(Ljava/lang/Object;)Ljava/lang/Object; @ 76 c2
Event: 4.389 Thread 0x000001c6b6825800 DEOPT PACKING pc=0x000001c6a55a11fc sp=0x000000bda55f99c0
Event: 4.389 Thread 0x000001c6b6825800 DEOPT UNPACKING pc=0x000001c69dada1af sp=0x000000bda55f9928 mode 2
Event: 4.850 Thread 0x000001c6b6825800 Uncommon trap: trap_request=0xffffff4d fr.pc=0x000001c6a55ff9b4 relative=0x00000000000013f4
Event: 4.850 Thread 0x000001c6b6825800 Uncommon trap: reason=unstable_if action=reinterpret pc=0x000001c6a55ff9b4 method=java.util.concurrent.ConcurrentHashMap.putVal(Ljava/lang/Object;Ljava/lang/Object;Z)Ljava/lang/Object; @ 231 c2
Event: 4.850 Thread 0x000001c6b6825800 DEOPT PACKING pc=0x000001c6a55ff9b4 sp=0x000000bda55fc930
Event: 4.850 Thread 0x000001c6b6825800 DEOPT UNPACKING pc=0x000001c69dada1af sp=0x000000bda55fc8b0 mode 2

Classes redefined (0 events):
No events

Internal exceptions (20 events):
Event: 1.871 Thread 0x000001c6987a5800 Exception <a 'java/lang/NoSuchMethodError'{0x000000008ea0ade8}: 'java.lang.Object java.lang.invoke.DirectMethodHandle$Holder.invokeStaticInit(java.lang.Object, java.lang.Object, java.lang.Object)'> (0x000000008ea0ade8) thrown at [./src/hotspot/share/interpreter/linkResolver.cpp, line 773]
Event: 2.196 Thread 0x000001c6987a5800 Exception <a 'java/lang/NoSuchMethodError'{0x000000008e4a0ed0}: 'java.lang.Object java.lang.invoke.DirectMethodHandle$Holder.invokeStaticInit(java.lang.Object, int, int, int, int)'> (0x000000008e4a0ed0) thrown at [./src/hotspot/share/interpreter/linkResolver.cpp, line 773]
Event: 2.642 Thread 0x000001c6987a5800 Exception <a 'java/lang/NoSuchMethodError'{0x000000008e4dd0a0}: 'java.lang.Object java.lang.invoke.DirectMethodHandle$Holder.invokeStaticInit(java.lang.Object, java.lang.Object, int, int, int, int)'> (0x000000008e4dd0a0) thrown at [./src/hotspot/share/interpreter/linkResolver.cpp, line 773]
Event: 3.246 Thread 0x000001c6987a5800 Exception <a 'java/io/IOException'{0x000000008e2be1e8}> (0x000000008e2be1e8) thrown at [./src/hotspot/share/prims/jni.cpp, line 615]
Event: 3.398 Thread 0x000001c6b6825800 Exception <a 'java/lang/NoSuchMethodError'{0x000000008d7d95d8}: 'long java.lang.invoke.DirectMethodHandle$Holder.invokeInterface(java.lang.Object, java.lang.Object)'> (0x000000008d7d95d8) thrown at [./src/hotspot/share/interpreter/linkResolver.cpp, line 773]
Event: 3.399 Thread 0x000001c6b6825800 Exception <a 'java/lang/NoSuchMethodError'{0x000000008d7e6678}: 'void java.lang.invoke.DelegatingMethodHandle$Holder.reinvoke_L(java.lang.Object, java.lang.Object, java.lang.Object, java.lang.Object, java.lang.Object, java.lang.Object, java.lang.Object)'> (0x000000008d7e6678) thrown at [./src/hotspot/share/interpreter/linkResolver.cpp, line 773]
Event: 3.767 Thread 0x000001c6b6825800 Exception <a 'java/lang/NoSuchMethodError'{0x000000008ef7b628}: 'void java.lang.invoke.DirectMethodHandle$Holder.invokeStaticInit(java.lang.Object)'> (0x000000008ef7b628) thrown at [./src/hotspot/share/interpreter/linkResolver.cpp, line 773]
Event: 3.788 Thread 0x000001c6b6825800 Exception <a 'java/lang/NoSuchMethodError'{0x000000008ee28158}: 'java.lang.Object java.lang.invoke.DirectMethodHandle$Holder.invokeStatic(java.lang.Object, java.lang.Object, java.lang.Object, int)'> (0x000000008ee28158) thrown at [./src/hotspot/share/interpreter/linkResolver.cpp, line 773]
Event: 3.790 Thread 0x000001c6b6825800 Exception <a 'java/lang/NoSuchMethodError'{0x000000008ee2c870}: 'java.lang.Object java.lang.invoke.DirectMethodHandle$Holder.invokeSpecial(java.lang.Object, java.lang.Object, java.lang.Object, java.lang.Object, int)'> (0x000000008ee2c870) thrown at [./src/hotspot/share/interpreter/linkResolver.cpp, line 773]
Event: 3.790 Thread 0x000001c6b6825800 Exception <a 'java/lang/NoSuchMethodError'{0x000000008ee307a8}: 'java.lang.Object java.lang.invoke.Invokers$Holder.linkToTargetMethod(java.lang.Object, java.lang.Object, int, java.lang.Object)'> (0x000000008ee307a8) thrown at [./src/hotspot/share/interpreter/linkResolver.cpp, line 773]
Event: 4.011 Thread 0x000001c6b6825800 Exception <a 'java/lang/NoSuchMethodError'{0x000000008fed3010}: 'int java.lang.invoke.DirectMethodHandle$Holder.invokeSpecialIFC(java.lang.Object, java.lang.Object, java.lang.Object, java.lang.Object)'> (0x000000008fed3010) thrown at [./src/hotspot/share/interpreter/linkResolver.cpp, line 773]
Event: 4.013 Thread 0x000001c6b6825800 Exception <a 'java/lang/NoSuchMethodError'{0x000000008fee0fc8}: 'java.lang.Object java.lang.invoke.DirectMethodHandle$Holder.invokeInterface(java.lang.Object, java.lang.Object, java.lang.Object)'> (0x000000008fee0fc8) thrown at [./src/hotspot/share/interpreter/linkResolver.cpp, line 773]
Event: 4.013 Thread 0x000001c6b6825800 Exception <a 'java/lang/IncompatibleClassChangeError'{0x000000008fee44a0}: Found class java.lang.Object, but interface was expected> (0x000000008fee44a0) thrown at [./src/hotspot/share/interpreter/linkResolver.cpp, line 839]
Event: 4.191 Thread 0x000001c6b6825800 Exception <a 'java/lang/NoSuchMethodError'{0x000000008f265a58}: 'java.lang.Object java.lang.invoke.DirectMethodHandle$Holder.invokeSpecial(java.lang.Object, java.lang.Object, java.lang.Object, java.lang.Object, java.lang.Object, java.lang.Object, java.lang.Object, java.lang.Object, java.lang.Object)'> (0x000000008f265a58) thrown at [./src/hotspot/share/interpreter/linkResolver.cpp, line 773]
Event: 4.273 Thread 0x000001c6b6825800 Exception <a 'java/lang/NoSuchMethodError'{0x000000008e843640}: 'java.lang.Object java.lang.invoke.DirectMethodHandle$Holder.invokeVirtual(java.lang.Object, java.lang.Object, java.lang.Object, java.lang.Object)'> (0x000000008e843640) thrown at [./src/hotspot/share/interpreter/linkResolver.cpp, line 773]
Event: 4.437 Thread 0x000001c6b6825800 Exception <a 'java/lang/NoSuchMethodError'{0x000000008d90d020}: 'void java.lang.invoke.DirectMethodHandle$Holder.invokeSpecial(java.lang.Object, java.lang.Object, java.lang.Object, java.lang.Object, java.lang.Object, java.lang.Object)'> (0x000000008d90d020) thrown at [./src/hotspot/share/interpreter/linkResolver.cpp, line 773]
Event: 4.458 Thread 0x000001c6b6825800 Exception <a 'java/lang/NoSuchMethodError'{0x000000008d97b858}: 'void java.lang.invoke.DirectMethodHandle$Holder.invokeSpecial(java.lang.Object, java.lang.Object, java.lang.Object, java.lang.Object, java.lang.Object, java.lang.Object, java.lang.Object)'> (0x000000008d97b858) thrown at [./src/hotspot/share/interpreter/linkResolver.cpp, line 773]
Event: 4.459 Thread 0x000001c6b6825800 Exception <a 'java/lang/NoSuchMethodError'{0x000000008d983d48}: 'java.lang.Object java.lang.invoke.Invokers$Holder.linkToTargetMethod(java.lang.Object, java.lang.Object, java.lang.Object, java.lang.Object, java.lang.Object, java.lang.Object)'> (0x000000008d983d48) thrown at [./src/hotspot/share/interpreter/linkResolver.cpp, line 773]
Event: 4.583 Thread 0x000001c6b6825800 Exception <a 'java/lang/NoSuchMethodError'{0x000000008cf05060}: 'int java.lang.invoke.DirectMethodHandle$Holder.invokeStaticInit(java.lang.Object, java.lang.Object, java.lang.Object)'> (0x000000008cf05060) thrown at [./src/hotspot/share/interpreter/linkResolver.cpp, line 773]
Event: 4.714 Thread 0x000001c6b6825800 Exception <a 'java/lang/NoSuchMethodError'{0x000000008ca40d80}: 'void java.lang.invoke.DirectMethodHandle$Holder.invokeStaticInit(java.lang.Object, java.lang.Object)'> (0x000000008ca40d80) thrown at [./src/hotspot/share/interpreter/linkResolver.cpp, line 773]

Events (20 events):
Event: 4.846 loading class org/slf4j/helpers/MarkerIgnoringBase
Event: 4.846 loading class org/slf4j/helpers/MarkerIgnoringBase done
Event: 4.846 loading class org/slf4j/helpers/NamedLoggerBase
Event: 4.846 loading class org/slf4j/helpers/NamedLoggerBase done
Event: 4.847 loading class org/gradle/internal/operations/BuildOperationRunner
Event: 4.847 loading class org/gradle/internal/operations/BuildOperationRunner done
Event: 4.848 loading class org/gradle/internal/watch/vfs/impl/WatchingVirtualFileSystem
Event: 4.848 loading class org/gradle/internal/watch/vfs/impl/WatchingVirtualFileSystem done
Event: 4.848 loading class org/gradle/internal/watch/vfs/impl/WatchingVirtualFileSystem$1
Event: 4.848 loading class org/gradle/internal/watch/vfs/impl/WatchingVirtualFileSystem$1 done
Event: 4.849 loading class org/gradle/internal/watch/vfs/FileSystemWatchingStatistics
Event: 4.849 loading class org/gradle/internal/watch/vfs/FileSystemWatchingStatistics done
Event: 4.849 loading class org/gradle/internal/watch/vfs/BuildStartedFileSystemWatchingBuildOperationType$Details
Event: 4.849 loading class org/gradle/internal/watch/vfs/BuildStartedFileSystemWatchingBuildOperationType$Details done
Event: 4.850 loading class org/gradle/internal/watch/vfs/BuildStartedFileSystemWatchingBuildOperationType$Details$1
Event: 4.850 loading class org/gradle/internal/watch/vfs/BuildStartedFileSystemWatchingBuildOperationType$Details$1 done
Event: 4.850 loading class org/gradle/internal/watch/vfs/impl/WatchingVirtualFileSystem$3
Event: 4.850 loading class org/gradle/internal/watch/vfs/impl/WatchingVirtualFileSystem$3 done
Event: 4.851 loading class org/gradle/internal/watch/registry/impl/DefaultFileWatcherProbeRegistry
Event: 4.851 loading class org/gradle/internal/watch/registry/impl/DefaultFileWatcherProbeRegistry done


Dynamic libraries:
0x00007ff6d0320000 - 0x00007ff6d032a000 	D:\Android studio\jre\bin\java.exe
0x00007ffbac770000 - 0x00007ffbac965000 	C:\Windows\SYSTEM32\ntdll.dll
0x00007ffbabb00000 - 0x00007ffbabbbd000 	C:\Windows\System32\KERNEL32.DLL
0x00007ffbaa3b0000 - 0x00007ffbaa677000 	C:\Windows\System32\KERNELBASE.dll
0x00007ffba9eb0000 - 0x00007ffba9fb0000 	C:\Windows\System32\ucrtbase.dll
0x00007ffb97fa0000 - 0x00007ffb97fb7000 	D:\Android studio\jre\bin\VCRUNTIME140.dll
0x00007ffb84ab0000 - 0x00007ffb84ac9000 	D:\Android studio\jre\bin\jli.dll
0x00007ffbaa910000 - 0x00007ffbaaab0000 	C:\Windows\System32\USER32.dll
0x00007ffbaa1c0000 - 0x00007ffbaa1e2000 	C:\Windows\System32\win32u.dll
0x00007ffb98530000 - 0x00007ffb987cb000 	C:\Windows\WinSxS\amd64_microsoft.windows.common-controls_6595b64144ccf1df_6.0.19041.488_none_ca04af081b815d21\COMCTL32.dll
0x00007ffbac010000 - 0x00007ffbac0ae000 	C:\Windows\System32\msvcrt.dll
0x00007ffbaabf0000 - 0x00007ffbaac1a000 	C:\Windows\System32\GDI32.dll
0x00007ffbaa1f0000 - 0x00007ffbaa2f9000 	C:\Windows\System32\gdi32full.dll
0x00007ffbaa730000 - 0x00007ffbaa7cd000 	C:\Windows\System32\msvcp_win.dll
0x00007ffbac130000 - 0x00007ffbac160000 	C:\Windows\System32\IMM32.DLL
0x00007ffb77c90000 - 0x00007ffb77d2d000 	D:\Android studio\jre\bin\msvcp140.dll
0x00007ffb63160000 - 0x00007ffb63c45000 	D:\Android studio\jre\bin\server\jvm.dll
0x00007ffbaac20000 - 0x00007ffbaacca000 	C:\Windows\System32\ADVAPI32.dll
0x00007ffbab940000 - 0x00007ffbab9db000 	C:\Windows\System32\sechost.dll
0x00007ffbabe20000 - 0x00007ffbabf44000 	C:\Windows\System32\RPCRT4.dll
0x00007ffbaae80000 - 0x00007ffbaae88000 	C:\Windows\System32\PSAPI.DLL
0x00007ffb98870000 - 0x00007ffb98897000 	C:\Windows\SYSTEM32\WINMM.dll
0x00007ffba3790000 - 0x00007ffba3799000 	C:\Windows\SYSTEM32\WSOCK32.dll
0x00007ffbabc20000 - 0x00007ffbabc8b000 	C:\Windows\System32\WS2_32.dll
0x00007ffba1b10000 - 0x00007ffba1b1a000 	C:\Windows\SYSTEM32\VERSION.dll
0x00007ffba87a0000 - 0x00007ffba87b3000 	C:\Windows\SYSTEM32\kernel.appcore.dll
0x00007ffb99820000 - 0x00007ffb99831000 	D:\Android studio\jre\bin\verify.dll
0x00007ffba7b90000 - 0x00007ffba7d74000 	C:\Windows\SYSTEM32\DBGHELP.DLL
0x00007ffb93850000 - 0x00007ffb9387c000 	C:\Windows\SYSTEM32\dbgcore.DLL
0x00007ffbaa300000 - 0x00007ffbaa37f000 	C:\Windows\System32\bcryptPrimitives.dll
0x00007ffb997f0000 - 0x00007ffb99819000 	D:\Android studio\jre\bin\java.dll
0x00007ffb997e0000 - 0x00007ffb997eb000 	D:\Android studio\jre\bin\jimage.dll
0x00007ffb97bb0000 - 0x00007ffb97bc8000 	D:\Android studio\jre\bin\zip.dll
0x00007ffbab1f0000 - 0x00007ffbab931000 	C:\Windows\System32\SHELL32.dll
0x00007ffba7ff0000 - 0x00007ffba8783000 	C:\Windows\SYSTEM32\windows.storage.dll
0x00007ffbaae90000 - 0x00007ffbab1e5000 	C:\Windows\System32\combase.dll
0x00007ffba9850000 - 0x00007ffba987c000 	C:\Windows\SYSTEM32\Wldp.dll
0x00007ffbaaab0000 - 0x00007ffbaab5e000 	C:\Windows\System32\SHCORE.dll
0x00007ffbabf50000 - 0x00007ffbabfa5000 	C:\Windows\System32\shlwapi.dll
0x00007ffba9de0000 - 0x00007ffba9e06000 	C:\Windows\SYSTEM32\profapi.dll
0x00007ffb8bcf0000 - 0x00007ffb8bd0a000 	D:\Android studio\jre\bin\net.dll
0x00007ffb9a200000 - 0x00007ffb9a300000 	C:\Windows\SYSTEM32\WINHTTP.dll
0x00007ffba95d0000 - 0x00007ffba963a000 	C:\Windows\system32\mswsock.dll
0x00007ffb89e30000 - 0x00007ffb89e44000 	D:\Android studio\jre\bin\nio.dll
0x00007ffb7c630000 - 0x00007ffb7c657000 	C:\Users\Admin\.gradle\native\e1d6ef7f7dcc3fd88c89a11ec53ec762bb8ba0a96d01ffa2cd45eb1d1d8dd5c5\windows-amd64\native-platform.dll
0x00007ffb77b40000 - 0x00007ffb77c84000 	C:\Users\Admin\.gradle\native\5664cfc778a61ccfe75a443a1ab52a65af34e5dc3c78e0209fed803814484fcb\windows-amd64\native-platform-file-events.dll
0x00007ffb997d0000 - 0x00007ffb997da000 	D:\Android studio\jre\bin\management.dll
0x00007ffb99440000 - 0x00007ffb9944d000 	D:\Android studio\jre\bin\management_ext.dll
0x00007ffba97a0000 - 0x00007ffba97b8000 	C:\Windows\SYSTEM32\CRYPTSP.dll
0x00007ffba8f60000 - 0x00007ffba8f94000 	C:\Windows\system32\rsaenh.dll
0x00007ffbaa380000 - 0x00007ffbaa3a7000 	C:\Windows\System32\bcrypt.dll
0x00007ffba9da0000 - 0x00007ffba9dce000 	C:\Windows\SYSTEM32\USERENV.dll
0x00007ffba97c0000 - 0x00007ffba97cc000 	C:\Windows\SYSTEM32\CRYPTBASE.dll
0x00007ffba92c0000 - 0x00007ffba92fb000 	C:\Windows\SYSTEM32\IPHLPAPI.DLL
0x00007ffbac700000 - 0x00007ffbac709000 	C:\Windows\System32\NSI.dll
0x00007ffba16f0000 - 0x00007ffba1707000 	C:\Windows\SYSTEM32\dhcpcsvc6.DLL
0x00007ffba16d0000 - 0x00007ffba16ed000 	C:\Windows\SYSTEM32\dhcpcsvc.DLL
0x00007ffba9300000 - 0x00007ffba93cb000 	C:\Windows\SYSTEM32\DNSAPI.dll

dbghelp: loaded successfully - version: 4.0.5 - missing functions: none
symbol engine: initialized successfully - sym options: 0x614 - pdb path: .;D:\Android studio\jre\bin;C:\Windows\SYSTEM32;C:\Windows\WinSxS\amd64_microsoft.windows.common-controls_6595b64144ccf1df_6.0.19041.488_none_ca04af081b815d21;D:\Android studio\jre\bin\server;C:\Users\Admin\.gradle\native\e1d6ef7f7dcc3fd88c89a11ec53ec762bb8ba0a96d01ffa2cd45eb1d1d8dd5c5\windows-amd64;C:\Users\Admin\.gradle\native\5664cfc778a61ccfe75a443a1ab52a65af34e5dc3c78e0209fed803814484fcb\windows-amd64

VM Arguments:
jvm_args: --add-opens=java.base/java.util=ALL-UNNAMED --add-opens=java.base/java.lang=ALL-UNNAMED --add-opens=java.base/java.lang.invoke=ALL-UNNAMED --add-opens=java.base/java.util=ALL-UNNAMED --add-opens=java.prefs/java.util.prefs=ALL-UNNAMED --add-opens=java.prefs/java.util.prefs=ALL-UNNAMED --add-opens=java.base/java.nio.charset=ALL-UNNAMED --add-opens=java.base/java.net=ALL-UNNAMED --add-opens=java.base/java.util.concurrent.atomic=ALL-UNNAMED -Xmx2048m -Dfile.encoding=UTF-8 -Duser.country=US -Duser.language=en -Duser.variant 
java_command: org.gradle.launcher.daemon.bootstrap.GradleDaemon 7.3.3
java_class_path (initial): C:\Users\Admin\.gradle\wrapper\dists\gradle-7.3.3-bin\6a41zxkdtcxs8rphpq6y0069z\gradle-7.3.3\lib\gradle-launcher-7.3.3.jar
Launcher Type: SUN_STANDARD

[Global flags]
     intx CICompilerCount                          = 3                                         {product} {ergonomic}
     uint ConcGCThreads                            = 1                                         {product} {ergonomic}
     uint G1ConcRefinementThreads                  = 4                                         {product} {ergonomic}
   size_t G1HeapRegionSize                         = 1048576                                   {product} {ergonomic}
    uintx GCDrainStackTargetSize                   = 64                                        {product} {ergonomic}
   size_t InitialHeapSize                          = 268435456                                 {product} {ergonomic}
   size_t MarkStackSize                            = 4194304                                   {product} {ergonomic}
   size_t MaxHeapSize                              = 2147483648                                {product} {command line}
   size_t MaxNewSize                               = 1287651328                                {product} {ergonomic}
   size_t MinHeapDeltaBytes                        = 1048576                                   {product} {ergonomic}
    uintx NonNMethodCodeHeapSize                   = 5830732                                {pd product} {ergonomic}
    uintx NonProfiledCodeHeapSize                  = 122913754                              {pd product} {ergonomic}
    uintx ProfiledCodeHeapSize                     = 122913754                              {pd product} {ergonomic}
    uintx ReservedCodeCacheSize                    = 251658240                              {pd product} {ergonomic}
     bool SegmentedCodeCache                       = true                                      {product} {ergonomic}
     bool UseCompressedClassPointers               = true                                 {lp64_product} {ergonomic}
     bool UseCompressedOops                        = true                                 {lp64_product} {ergonomic}
     bool UseG1GC                                  = true                                      {product} {ergonomic}
     bool UseLargePagesIndividualAllocation        = false                                  {pd product} {ergonomic}

Logging:
Log output configuration:
 #0: stdout all=warning uptime,level,tags
 #1: stderr all=off uptime,level,tags

Environment Variables:
PATH=C:\Program Files (x86)\Common Files\Oracle\Java\javapath;C:\Windows\system32;C:\Windows;C:\Windows\System32\Wbem;C:\Windows\System32\WindowsPowerShell\v1.0\;C:\Windows\System32\OpenSSH\;D:\Git\Git\cmd;C:\Users\Admin\AppData\Local\Microsoft\WindowsApps
USERNAME=Admin
OS=Windows_NT
PROCESSOR_IDENTIFIER=Intel64 Family 6 Model 142 Stepping 9, GenuineIntel



---------------  S Y S T E M  ---------------

OS: Windows 10 , 64 bit Build 19041 (10.0.19041.292)
OS uptime: 13 days 20:48 hours

CPU:total 4 (initial active 4) (2 cores per cpu, 2 threads per core) family 6 model 142 stepping 9 microcode 0xc6, cmov, cx8, fxsr, mmx, sse, sse2, sse3, ssse3, sse4.1, sse4.2, popcnt, avx, avx2, aes, clmul, erms, 3dnowpref, lzcnt, ht, tsc, tscinvbit, bmi1, bmi2, adx, fma

Memory: 4k page, system-wide physical 16293M (6285M free)
TotalPageFile size 25772M (AvailPageFile size 8M)
current process WorkingSet (physical memory assigned to process): 200M, peak: 201M
current process commit charge ("private bytes"): 417M, peak: 421M

vm_info: OpenJDK 64-Bit Server VM (11.0.12+7-b1504.28-7817840) for windows-amd64 JRE (11.0.12+7-b1504.28-7817840), built on Oct 13 2021 22:12:33 by "builder" with MS VC++ 14.0 (VS2015)

END.
